Https listening
[DisTube] Downloaded youtube-dl 2021.12.17
bot started Tomioka#6091
Node Version: v12.22.12
Discord.js Version: 12.5.3
Ready.js cargado
Server count posted!
[ [ [ 0 ], 579, 20 ] ]
Server count posted!
Server count posted!
Server count posted!
Server count posted!
Server count posted!
Server count posted!
Server count posted!
Server count posted!
Server count posted!
Server count posted!
Server count posted!
Server count posted!
Server count posted!
Server count posted!
Server count posted!
Server count posted!
Server count posted!
854126515016957992
Server count posted!
Server count posted!
Server count posted!
Server count posted!
Server count posted!
Server count posted!
Server count posted!
Server count posted!
Server count posted!
Server count posted!
Server count posted!
Server count posted!
Server count posted!
Server count posted!
Server count posted!
Server count posted!
Server count posted!
348325838628061184
[DisTube] Downloaded youtube-dl 2021.12.17
bot started Tomioka#6091
Node Version: v12.22.12
Discord.js Version: 12.5.3
Ready.js cargado
Server count posted!
Server count posted!
Server count posted!
Server count posted!
